E:\Repos\TypeScriptTraining\HelloWorldTypeScript\HelloWorldTypeScript\Scripts\Car.js
E:\Repos\TypeScriptTraining\HelloWorldTypeScript\HelloWorldTypeScript\Scripts\Car.js.map
E:\Repos\TypeScriptTraining\HelloWorldTypeScript\HelloWorldTypeScript\Scripts\GrammerDeclarationsAndAnnotations.js
E:\Repos\TypeScriptTraining\HelloWorldTypeScript\HelloWorldTypeScript\Scripts\GrammerDeclarationsAndAnnotations.js.map
E:\Repos\TypeScriptTraining\HelloWorldTypeScript\HelloWorldTypeScript\Scripts\Car.js
E:\Repos\TypeScriptTraining\HelloWorldTypeScript\HelloWorldTypeScript\Scripts\Car.js.map
E:\Repos\TypeScriptTraining\HelloWorldTypeScript\HelloWorldTypeScript\Scripts\GrammerDeclarationsAndAnnotations.js
E:\Repos\TypeScriptTraining\HelloWorldTypeScript\HelloWorldTypeScript\Scripts\GrammerDeclarationsAndAnnotations.js.map
E:\Repos\TypeScriptTraining\HelloWorldTypeScript\HelloWorldTypeScript\Scripts\02-02-timer.js
E:\Repos\TypeScriptTraining\HelloWorldTypeScript\HelloWorldTypeScript\Scripts\02-02-timer.js.map
E:\Repos\TypeScriptTraining\HelloWorldTypeScript\HelloWorldTypeScript\Scripts\Car.js
E:\Repos\TypeScriptTraining\HelloWorldTypeScript\HelloWorldTypeScript\Scripts\Car.js.map
E:\Repos\TypeScriptTraining\HelloWorldTypeScript\HelloWorldTypeScript\Scripts\GrammerDeclarationsAndAnnotations.js
E:\Repos\TypeScriptTraining\HelloWorldTypeScript\HelloWorldTypeScript\Scripts\GrammerDeclarationsAndAnnotations.js.map
E:\Repos\TypeScriptTraining\HelloWorldTypeScript\HelloWorldTypeScript\Scripts\02-02-timer.js
E:\Repos\TypeScriptTraining\HelloWorldTypeScript\HelloWorldTypeScript\Scripts\02-02-timer.js.map
E:\Repos\TypeScriptTraining\HelloWorldTypeScript\HelloWorldTypeScript\Scripts\Car.js
E:\Repos\TypeScriptTraining\HelloWorldTypeScript\HelloWorldTypeScript\Scripts\Car.js.map
E:\Repos\TypeScriptTraining\HelloWorldTypeScript\HelloWorldTypeScript\Scripts\GrammerDeclarationsAndAnnotations.js
E:\Repos\TypeScriptTraining\HelloWorldTypeScript\HelloWorldTypeScript\Scripts\GrammerDeclarationsAndAnnotations.js.map
E:\Repos\TypeScriptTraining\HelloWorldTypeScript\HelloWorldTypeScript\Scripts\02-02-timer.js
E:\Repos\TypeScriptTraining\HelloWorldTypeScript\HelloWorldTypeScript\Scripts\02-02-timer.js.map
E:\Repos\TypeScriptTraining\HelloWorldTypeScript\HelloWorldTypeScript\Scripts\Car.js
E:\Repos\TypeScriptTraining\HelloWorldTypeScript\HelloWorldTypeScript\Scripts\Car.js.map
E:\Repos\TypeScriptTraining\HelloWorldTypeScript\HelloWorldTypeScript\Scripts\GrammerDeclarationsAndAnnotations.js
E:\Repos\TypeScriptTraining\HelloWorldTypeScript\HelloWorldTypeScript\Scripts\GrammerDeclarationsAndAnnotations.js.map
E:\Repos\TypeScriptTraining\HelloWorldTypeScript\HelloWorldTypeScript\Scripts\02-02-timer.js
E:\Repos\TypeScriptTraining\HelloWorldTypeScript\HelloWorldTypeScript\Scripts\02-02-timer.js.map
E:\Repos\TypeScriptTraining\HelloWorldTypeScript\HelloWorldTypeScript\Scripts\Car.js
E:\Repos\TypeScriptTraining\HelloWorldTypeScript\HelloWorldTypeScript\Scripts\Car.js.map
E:\Repos\TypeScriptTraining\HelloWorldTypeScript\HelloWorldTypeScript\Scripts\GrammerDeclarationsAndAnnotations.js
E:\Repos\TypeScriptTraining\HelloWorldTypeScript\HelloWorldTypeScript\Scripts\GrammerDeclarationsAndAnnotations.js.map
